[debug] [2021-06-29T17:07:33.236Z] ----------------------------------------------------------------------
[debug] [2021-06-29T17:07:33.238Z] Command:       C:\Program Files\nodejs\node.exe C:\Users\Owner\AppData\Roaming\npm\node_modules\firebase-tools\lib\bin\firebase.js init functions
[debug] [2021-06-29T17:07:33.239Z] CLI Version:   9.14.0
[debug] [2021-06-29T17:07:33.239Z] Platform:      win32
[debug] [2021-06-29T17:07:33.239Z] Node Version:  v14.17.1
[debug] [2021-06-29T17:07:33.240Z] Time:          Tue Jun 29 2021 13:07:33 GMT-0400 (Eastern Daylight Time)
[debug] [2021-06-29T17:07:33.240Z] ----------------------------------------------------------------------
[debug] 
[debug] [2021-06-29T17:07:33.247Z] > command requires scopes: ["email","openid","https://www.googleapis.com/auth/cloudplatformprojects.readonly","https://www.googleapis.com/auth/firebase","https://www.googleapis.com/auth/cloud-platform"]
[debug] [2021-06-29T17:07:33.247Z] > authorizing via signed-in user (jonathandoyle655321@gmail.com)
[info] 
     ######## #### ########  ######## ########     ###     ######  ########
     ##        ##  ##     ## ##       ##     ##  ##   ##  ##       ##
     ######    ##  ########  ######   ########  #########  ######  ######
     ##        ##  ##    ##  ##       ##     ## ##     ##       ## ##
     ##       #### ##     ## ######## ########  ##     ##  ######  ########

You're about to initialize a Firebase project in this directory:

  C:\Users\Owner\Documents\GitHub\react-app\yoinkchat

Before we get started, keep in mind:

  * You are initializing within an existing Firebase project directory

[info] 
=== Project Setup
[info] 
[info] First, let's associate this project directory with a Firebase project.
[info] You can create multiple project aliases by running firebase use --add, 
[info] but for now we'll just set up a default project.
[info] 
[info] i  .firebaserc already has a default project, using fireship-demos. 
[debug] [2021-06-29T17:07:49.428Z] >>> [apiv2][query] GET https://firebase.googleapis.com/v1beta1/projects/fireship-demos [none]
[debug] [2021-06-29T17:07:49.673Z] <<< [apiv2][status] GET https://firebase.googleapis.com/v1beta1/projects/fireship-demos 403
[debug] [2021-06-29T17:07:49.674Z] <<< [apiv2][body] GET https://firebase.googleapis.com/v1beta1/projects/fireship-demos {"error":{"code":403,"message":"The caller does not have permission","status":"PERMISSION_DENIED"}}
[debug] [2021-06-29T17:07:49.675Z] HTTP Error: 403, The caller does not have permission
[debug] [2021-06-29T17:07:49.788Z] FirebaseError: HTTP Error: 403, The caller does not have permission
    at module.exports (C:\Users\Owner\AppData\Roaming\npm\node_modules\firebase-tools\lib\responseToError.js:38:12)
    at Client.doRequest (C:\Users\Owner\AppData\Roaming\npm\node_modules\firebase-tools\lib\apiv2.js:238:23)
    at processTicksAndRejections (internal/process/task_queues.js:95:5)
    at async Client.request (C:\Users\Owner\AppData\Roaming\npm\node_modules\firebase-tools\lib\apiv2.js:96:20)
    at async Object.getFirebaseProject (C:\Users\Owner\AppData\Roaming\npm\node_modules\firebase-tools\lib\management\projects.js:290:21)
    at async Object.doSetup [as project] (C:\Users\Owner\AppData\Roaming\npm\node_modules\firebase-tools\lib\init\features\project.js:77:27)
    at async init (C:\Users\Owner\AppData\Roaming\npm\node_modules\firebase-tools\lib\init\index.js:19:9)
[error] 
[error] Error: Failed to get Firebase project fireship-demos. Please make sure the project exists and your account has permission to access it.
[debug] [2021-06-29T17:08:57.928Z] ----------------------------------------------------------------------
[debug] [2021-06-29T17:08:57.930Z] Command:       C:\Program Files\nodejs\node.exe C:\Users\Owner\AppData\Roaming\npm\node_modules\firebase-tools\lib\bin\firebase.js init functions
[debug] [2021-06-29T17:08:57.930Z] CLI Version:   9.14.0
[debug] [2021-06-29T17:08:57.930Z] Platform:      win32
[debug] [2021-06-29T17:08:57.930Z] Node Version:  v14.17.1
[debug] [2021-06-29T17:08:57.931Z] Time:          Tue Jun 29 2021 13:08:57 GMT-0400 (Eastern Daylight Time)
[debug] [2021-06-29T17:08:57.932Z] ----------------------------------------------------------------------
[debug] 
[debug] [2021-06-29T17:08:57.939Z] > command requires scopes: ["email","openid","https://www.googleapis.com/auth/cloudplatformprojects.readonly","https://www.googleapis.com/auth/firebase","https://www.googleapis.com/auth/cloud-platform"]
[debug] [2021-06-29T17:08:57.939Z] > authorizing via signed-in user (jonathandoyle655321@gmail.com)
[info] 
     ######## #### ########  ######## ########     ###     ######  ########
     ##        ##  ##     ## ##       ##     ##  ##   ##  ##       ##
     ######    ##  ########  ######   ########  #########  ######  ######
     ##        ##  ##    ##  ##       ##     ## ##     ##       ## ##
     ##       #### ##     ## ######## ########  ##     ##  ######  ########

You're about to initialize a Firebase project in this directory:

  C:\Users\Owner\Documents\GitHub\react-app\yoinkchat

Before we get started, keep in mind:

  * You are initializing within an existing Firebase project directory

[info] 
=== Project Setup
[info] 
[info] First, let's associate this project directory with a Firebase project.
[info] You can create multiple project aliases by running firebase use --add, 
[info] but for now we'll just set up a default project.
[info] 
[info] i  .firebaserc already has a default project, using fireship-demos. 
[debug] [2021-06-29T17:09:03.048Z] >>> [apiv2][query] GET https://firebase.googleapis.com/v1beta1/projects/fireship-demos [none]
[debug] [2021-06-29T17:09:03.282Z] <<< [apiv2][status] GET https://firebase.googleapis.com/v1beta1/projects/fireship-demos 403
[debug] [2021-06-29T17:09:03.282Z] <<< [apiv2][body] GET https://firebase.googleapis.com/v1beta1/projects/fireship-demos {"error":{"code":403,"message":"The caller does not have permission","status":"PERMISSION_DENIED"}}
[debug] [2021-06-29T17:09:03.283Z] HTTP Error: 403, The caller does not have permission
[debug] [2021-06-29T17:09:03.390Z] FirebaseError: HTTP Error: 403, The caller does not have permission
    at module.exports (C:\Users\Owner\AppData\Roaming\npm\node_modules\firebase-tools\lib\responseToError.js:38:12)
    at Client.doRequest (C:\Users\Owner\AppData\Roaming\npm\node_modules\firebase-tools\lib\apiv2.js:238:23)
    at processTicksAndRejections (internal/process/task_queues.js:95:5)
    at async Client.request (C:\Users\Owner\AppData\Roaming\npm\node_modules\firebase-tools\lib\apiv2.js:96:20)
    at async Object.getFirebaseProject (C:\Users\Owner\AppData\Roaming\npm\node_modules\firebase-tools\lib\management\projects.js:290:21)
    at async Object.doSetup [as project] (C:\Users\Owner\AppData\Roaming\npm\node_modules\firebase-tools\lib\init\features\project.js:77:27)
    at async init (C:\Users\Owner\AppData\Roaming\npm\node_modules\firebase-tools\lib\init\index.js:19:9)
[error] 
[error] Error: Failed to get Firebase project fireship-demos. Please make sure the project exists and your account has permission to access it.
